<?xml version="1.0" encoding="UTF-8"?>
<!-- Generated by org.testng.reporters.JUnitXMLReporter -->
<testsuite hostname="Admin-PC" name="Command line test" tests="12" failures="1" timestamp="25 Mar 2018 09:31:26 GMT" time="516.193" errors="0">
  <testcase name="validateCreatenewContact" time="6.653" classname="com.crm.testcases.ContactsPageTest"/>
  <testcase name="validateCreatenewContact" time="8.112" classname="com.crm.testcases.ContactsPageTest"/>
  <testcase name="validateCreatenewContact" time="9.507" classname="com.crm.testcases.ContactsPageTest"/>
  <testcase name="selectSingleContactTest" time="2.972" classname="com.crm.testcases.ContactsPageTest"/>
  <testcase name="verifyHomePageTitleTest" time="1.134" classname="com.crm.testcases.HomePageTest"/>
  <testcase name="loginPageTitle" time="0.589" classname="com.crm.testcases.LoginPageTest"/>
  <testcase name="selectMultipleContactTest" time="3.091" classname="com.crm.testcases.ContactsPageTest"/>
  <testcase name="verifyUserNameTest" time="0.384" classname="com.crm.testcases.HomePageTest"/>
  <testcase name="crmLogoImageTest" time="6.181" classname="com.crm.testcases.LoginPageTest"/>
  <testcase name="verifyContactsLinkTest" time="0.9" classname="com.crm.testcases.HomePageTest"/>
  <testcase name="loginTest" time="13.289" classname="com.crm.testcases.LoginPageTest"/>
  <testcase name="validateForgotPasswordLink" time="8.673" classname="com.crm.testcases.LoginPageTest">
    <failure type="org.openqa.selenium.WebDriverException" message="Element is not clickable at point (114.5, 522.5999755859375). Other element would receive the click: &amp;lt;div style=&amp;quot;opacity: 0.582678;&amp;quot; id=&amp;quot;preloader&amp;quot;&amp;gt;&amp;lt;/div&amp;gt;
Command duration or timeout: 477 milliseconds
Build info: version: &amp;apos;2.53.1&amp;apos;, revision: &amp;apos;a36b8b1cd5757287168e54b817830adce9b0158d&amp;apos;, time: &amp;apos;2016-06-30 19:26:09&amp;apos;
System info: host: &amp;apos;Admin-PC&amp;apos;, ip: &amp;apos;192.168.1.122&amp;apos;, os.name: &amp;apos;Windows 10&amp;apos;, os.arch: &amp;apos;x86&amp;apos;, os.version: &amp;apos;10.0&amp;apos;, java.version: &amp;apos;1.8.0_131&amp;apos;
Driver info: org.openqa.selenium.firefox.FirefoxDriver
Capabilities [{applicationCacheEnabled=true, rotatable=false, handlesAlerts=true, databaseEnabled=true, version=47.0.1, platform=WINDOWS, nativeEvents=false, acceptSslCerts=true, webStorageEnabled=true, locationContextEnabled=true, browserName=firefox, takesScreenshot=true, javascriptEnabled=true, cssSelectorsEnabled=true}]
Session ID: 314280fa-10eb-4a58-820d-23f4677afd46">
      <![CDATA[org.openqa.selenium.WebDriverException: Element is not clickable at point (114.5, 522.5999755859375). Other element would receive the click: <div style="opacity: 0.582678;" id="preloader"></div>
Command duration or timeout: 477 milliseconds
Build info: version: '2.53.1', revision: 'a36b8b1cd5757287168e54b817830adce9b0158d', time: '2016-06-30 19:26:09'
System info: host: 'Admin-PC', ip: '192.168.1.122', os.name: 'Windows 10', os.arch: 'x86', os.version: '10.0', java.version: '1.8.0_131'
Driver info: org.openqa.selenium.firefox.FirefoxDriver
Capabilities [{applicationCacheEnabled=true, rotatable=false, handlesAlerts=true, databaseEnabled=true, version=47.0.1, platform=WINDOWS, nativeEvents=false, acceptSslCerts=true, webStorageEnabled=true, locationContextEnabled=true, browserName=firefox, takesScreenshot=true, javascriptEnabled=true, cssSelectorsEnabled=true}]
Session ID: 314280fa-10eb-4a58-820d-23f4677afd46
	at org.openqa.selenium.remote.ErrorHandler.createThrowable(ErrorHandler.java:206)
	at org.openqa.selenium.remote.ErrorHandler.throwIfResponseFailed(ErrorHandler.java:158)
	at org.openqa.selenium.remote.RemoteWebDriver.execute(RemoteWebDriver.java:678)
	at org.openqa.selenium.remote.RemoteWebElement.execute(RemoteWebElement.java:327)
	at org.openqa.selenium.remote.RemoteWebElement.click(RemoteWebElement.java:85)
	at org.openqa.selenium.support.events.EventFiringWebDriver$EventFiringWebElement$1.invoke(EventFiringWebDriver.java:335)
	at com.sun.proxy.$Proxy9.click(Unknown Source)
	at org.openqa.selenium.support.events.EventFiringWebDriver$EventFiringWebElement.click(EventFiringWebDriver.java:348)
	at org.openqa.selenium.support.pagefactory.internal.LocatingElementHandler.invoke(LocatingElementHandler.java:51)
	at com.sun.proxy.$Proxy8.click(Unknown Source)
	at com.crm.qa.pages.LoginPage.clickForgotPassWord(LoginPage.java:52)
	at com.crm.testcases.LoginPageTest.validateForgotPasswordLink(LoginPageTest.java:52)
	at org.apache.maven.surefire.testng.TestNGExecutor.run(TestNGExecutor.java:77)
	at org.apache.maven.surefire.testng.TestNGDirectoryTestSuite.executeMulti(TestNGDirectoryTestSuite.java:159)
	at org.apache.maven.surefire.testng.TestNGDirectoryTestSuite.execute(TestNGDirectoryTestSuite.java:99)
	at org.apache.maven.surefire.testng.TestNGProvider.invoke(TestNGProvider.java:106)
	at org.apache.maven.surefire.util.ReflectionUtils.invokeMethodWithArray(ReflectionUtils.java:189)
	at org.apache.maven.surefire.booter.ProviderFactory$ProviderProxy.invoke(ProviderFactory.java:165)
	at org.apache.maven.surefire.booter.ProviderFactory.invokeProvider(ProviderFactory.java:85)
	at org.apache.maven.surefire.booter.ForkedBooter.runSuitesInProcess(ForkedBooter.java:115)
	at org.apache.maven.surefire.booter.ForkedBooter.main(ForkedBooter.java:75)
... Removed 35 stack frames]]>
    </failure>
  </testcase> <!-- validateForgotPasswordLink -->
</testsuite> <!-- Command line test -->
